#
# A fatal error has been detected by the Java Runtime Environment:
#
#  EXCEPTION_ACCESS_VIOLATION (0xc0000005) at pc=0x000000006422bb17, pid=8864, tid=5520
#
# JRE version: Java(TM) SE Runtime Environment (9.0+11) (build 9.0.4+11)
# Java VM: Java HotSpot(TM) 64-Bit Server VM (9.0.4+11, mixed mode, tiered, compressed oops, g1 gc, windows-amd64)
# Problematic frame:
# V  [jvm.dll+0x35bb17]
#
# No core dump will be written. Minidumps are not enabled by default on client versions of Windows
#
# If you would like to submit a bug report, please visit:
#   http://bugreport.java.com/bugreport/crash.jsp
# The crash happened outside the Java Virtual Machine in native code.
# See problematic frame for where to report the bug.
#

---------------  S U M M A R Y ------------

Command Line: -javaagent:D:\Jetbrains\apps\IDEA-U\ch-0\221.5787.30\lib\idea_rt.jar=5420:D:\Jetbrains\apps\IDEA-U\ch-0\221.5787.30\bin -agentpath:C:\Users\syq\AppData\Local\Temp\libasyncProfiler.dll=start,jfr,libdia=C:\Users\syq\AppData\Local\Temp\idea_msdia140_dll_temp_folder\msdia140.dll,event=cpu,interval=1ms,jfrsync=profile,file=C:\Users\syq\Code2_2022_06_12_121347.jfr -Dfile.encoding=UTF-8 Code2.Code2

Host: Intel(R) Core(TM) i5-1035G1 CPU @ 1.00GHz, 8 cores, 15G,  Windows 10 , 64 bit Build 19041 (10.0.19041.804)
Time: Sun Jun 12 12:13:48 2022 ?D1¨²¡À¨º¡Á?¨º¡À?? elapsed time: 0 seconds (0d 0h 0m 0s)

---------------  T H R E A D  ---------------

Current thread (0x000002bc50fae000):  JavaThread "main" [_thread_in_native, id=5520, stack(0x000000dc21300000,0x000000dc21400000)]

Stack: [0x000000dc21300000,0x000000dc21400000],  sp=0x000000dc213fcd48,  free space=1011k
Native frames: (J=compiled Java code, j=interpreted, Vv=VM code, C=native code)
V  [jvm.dll+0x35bb17]

Java frames: (J=compiled Java code, j=interpreted, Vv=VM code)
j  jdk.jfr.internal.JVM.setMemorySize(J)V+0 jdk.jfr@9.0.4
j  jdk.jfr.internal.Options.setMemorySize(J)V+4 jdk.jfr@9.0.4
j  jdk.jfr.internal.Options.reset()V+9 jdk.jfr@9.0.4
j  jdk.jfr.internal.Options.<clinit>()V+38 jdk.jfr@9.0.4
v  ~StubRoutines::call_stub
j  jdk.jfr.internal.JVM.<clinit>()V+55 jdk.jfr@9.0.4
v  ~StubRoutines::call_stub
j  jdk.jfr.internal.JVMSupport.checkAvailability()Z+16 jdk.jfr@9.0.4
j  jdk.jfr.internal.JVMSupport.<clinit>()V+0 jdk.jfr@9.0.4
v  ~StubRoutines::call_stub
j  jdk.jfr.FlightRecorder.addListener(Ljdk/jfr/FlightRecorderListener;)V+8 jdk.jfr@9.0.4
j  one.profiler.JfrSync.<clinit>()V+7
v  ~StubRoutines::call_stub

siginfo: EXCEPTION_ACCESS_VIOLATION (0xc0000005), writing address 0x0000000000000030


Register to memory mapping:

RIP=0x000000006422bb17 jvm.dll
RAX=0x0000000000000000 is an unknown value
RBX={method} {0x000002bc7a75f6e8} 'setMemorySize' '(J)V' in 'jdk/jfr/internal/JVM'
RCX=0x000002bc50fae218 is an unknown value
RDX=0x000000dc213fce08 is pointing into the stack for thread: 0x000002bc50fae000
RSP=0x000000dc213fcd48 is pointing into the stack for thread: 0x000002bc50fae000
RBP=0x000000dc213fcdd8 is pointing into the stack for thread: 0x000002bc50fae000
RSI=0x000002bc5de10c57 is at begin+0 in a stub
StubRoutines::call_stub [0x000002bc5de10c57, 0x000002bc5de10dc1[ (362 bytes)
RDI=0x000002bc5de1b603 is at code_begin+2307 in an Interpreter codelet
invoke return entry points  [0x000002bc5de1ad00, 0x000002bc5de1b6e0]  2528 bytes
R8 =0x0000000000a00000 is an unknown value
R9 =0x000002bc50f07700 is an unknown value
R10=0x000002bc5de291f0 is at code_begin+976 in an Interpreter codelet
method entry point (kind = native)  [0x000002bc5de28e20, 0x000002bc5de29980]  2912 bytes
R11=0x0000000000000101 is an unknown value
R12=0x0000000000000000 is an unknown value
R13=0x000002bc7a75f6d8 is pointing into metadata
R14=0x000000dc213fce08 is pointing into the stack for thread: 0x000002bc50fae000
R15=0x000002bc50fae000 is a thread


Registers:
RAX=0x0000000000000000, RBX=0x000002bc7a75f6e0, RCX=0x000002bc50fae218, RDX=0x000000dc213fce08
RSP=0x000000dc213fcd48, RBP=0x000000dc213fcdd8, RSI=0x000002bc5de10c57, RDI=0x000002bc5de1b603
R8 =0x0000000000a00000, R9 =0x000002bc50f07700, R10=0x000002bc5de291f0, R11=0x0000000000000101
R12=0x0000000000000000, R13=0x000002bc7a75f6d8, R14=0x000000dc213fce08, R15=0x000002bc50fae000
RIP=0x000000006422bb17, EFLAGS=0x0000000000010287

Top of Stack: (sp=0x000000dc213fcd48)
0x000000dc213fcd48:   000002bc5de2921c 000002bc5de1b603
0x000000dc213fcd58:   000002bc5de28f16 000002bc50fae000
0x000000dc213fcd68:   000002bc7a75f6e0 000002bc5de10c57
0x000000dc213fcd78:   0000000000000000 000002bc5de1b603
0x000000dc213fcd88:   000002bc5de28ed3 000000dc213fcd90
0x000000dc213fcd98:   000002bc7a75f6d8 000000dc213fce08
0x000000dc213fcda8:   000002bc7a760d20 0000000000000000
0x000000dc213fcdb8:   00000006d333a7b8 000002bc7a75f6e0
0x000000dc213fcdc8:   0000000000000000 000000dc213fcdf8
0x000000dc213fcdd8:   000000dc213fce68 000002bc5de1b603
0x000000dc213fcde8:   0000000000000000 000002bc5de26118
0x000000dc213fcdf8:   0000000000a00000 0000000000000000
0x000000dc213fce08:   00000006d333a848 0000000000000000
0x000000dc213fce18:   00000006d333c5c8 000000dc213fce10
0x000000dc213fce28:   000002bc7a762f34 000000dc213fce80
0x000000dc213fce38:   000002bc7a763bd0 0000000000000000 

Instructions: (pc=0x000000006422bb17)
0x000000006422baf7:   4c 89 40 38 c3 cc cc cc cc 48 8b 05 a1 c8 5f 00
0x000000006422bb07:   4c 89 40 20 c3 cc cc cc cc 48 8b 05 91 c8 5f 00
0x000000006422bb17:   4c 89 40 30 c3 cc cc cc cc 48 89 5c 24 08 48 89
0x000000006422bb27:   74 24 10 57 48 83 ec 20 8b 0d 0f 85 63 00 65 48 



---------------  P R O C E S S  ---------------

Java Threads: ( => current thread )
  0x000002bc7ad80000 JavaThread "Monitor Ctrl-Break" daemon [_thread_in_native, id=15828, stack(0x000000dc23300000,0x000000dc23400000)]
  0x000002bc7ac56800 JavaThread "Common-Cleaner" daemon [_thread_blocked, id=1592, stack(0x000000dc23200000,0x000000dc23300000)]
  0x000002bc7aba1800 JavaThread "Sweeper thread" daemon [_thread_blocked, id=17160, stack(0x000000dc23100000,0x000000dc23200000)]
  0x000002bc7ab88800 JavaThread "C1 CompilerThread3" daemon [_thread_blocked, id=18372, stack(0x000000dc23000000,0x000000dc23100000)]
  0x000002bc7ab82800 JavaThread "C2 CompilerThread2" daemon [_thread_blocked, id=11824, stack(0x000000dc22f00000,0x000000dc23000000)]
  0x000002bc7ab7f800 JavaThread "C2 CompilerThread1" daemon [_thread_blocked, id=4000, stack(0x000000dc22e00000,0x000000dc22f00000)]
  0x000002bc7ab7d800 JavaThread "C2 CompilerThread0" daemon [_thread_blocked, id=14564, stack(0x000000dc22d00000,0x000000dc22e00000)]
  0x000002bc7ab7c000 JavaThread "Attach Listener" daemon [_thread_blocked, id=8296, stack(0x000000dc22c00000,0x000000dc22d00000)]
  0x000002bc7ab7b000 JavaThread "Signal Dispatcher" daemon [_thread_blocked, id=9140, stack(0x000000dc22b00000,0x000000dc22c00000)]
  0x000002bc7ab1f800 JavaThread "Finalizer" daemon [_thread_blocked, id=16556, stack(0x000000dc22a00000,0x000000dc22b00000)]
  0x000002bc7ab15000 JavaThread "Reference Handler" daemon [_thread_blocked, id=17752, stack(0x000000dc22900000,0x000000dc22a00000)]
=>0x000002bc50fae000 JavaThread "main" [_thread_in_native, id=5520, stack(0x000000dc21300000,0x000000dc21400000)]

Other Threads:
  0x000002bc7ab0f000 VMThread "VM Thread" [stack: 0x000000dc22800000,0x000000dc22900000] [id=18024]
  0x000002bc529e2000 GCTaskThread "GC Thread#0" [stack: 0x000000dc21400000,0x000000dc21500000] [id=18208]
  0x000002bc529e3800 GCTaskThread "GC Thread#1" [stack: 0x000000dc21500000,0x000000dc21600000] [id=17292]
  0x000002bc529e6000 GCTaskThread "GC Thread#2" [stack: 0x000000dc21600000,0x000000dc21700000] [id=15496]
  0x000002bc529e7800 GCTaskThread "GC Thread#3" [stack: 0x000000dc21700000,0x000000dc21800000] [id=9548]
  0x000002bc529ea000 GCTaskThread "GC Thread#4" [stack: 0x000000dc21800000,0x000000dc21900000] [id=1536]
  0x000002bc529ed800 GCTaskThread "GC Thread#5" [stack: 0x000000dc21900000,0x000000dc21a00000] [id=15536]
  0x000002bc529ee800 GCTaskThread "GC Thread#6" [stack: 0x000000dc21a00000,0x000000dc21b00000] [id=1660]
  0x000002bc529f1000 GCTaskThread "GC Thread#7" [stack: 0x000000dc21b00000,0x000000dc21c00000] [id=932]
  0x000002bc52a68000 ConcurrentGCThread "G1 Main Marker" [stack: 0x000000dc22500000,0x000000dc22600000] [id=18704]
  0x000002bc52a69000 ConcurrentGCThread "G1 Marker#0" [stack: 0x000000dc22600000,0x000000dc22700000] [id=3548]
  0x000002bc77700000 ConcurrentGCThread "G1 Marker#1" [stack: 0x000000dc22700000,0x000000dc22800000] [id=1836]
  0x000002bc52a04000 ConcurrentGCThread "G1 Refine#0" [stack: 0x000000dc22300000,0x000000dc22400000] [id=15760]
  0x000002bc52a02800 ConcurrentGCThread "G1 Refine#1" [stack: 0x000000dc22200000,0x000000dc22300000] [id=16412]
  0x000002bc52a00000 ConcurrentGCThread "G1 Refine#2" [stack: 0x000000dc22100000,0x000000dc22200000] [id=9296]
  0x000002bc52a02000 ConcurrentGCThread "G1 Refine#3" [stack: 0x000000dc22000000,0x000000dc22100000] [id=17496]
  0x000002bc52a01000 ConcurrentGCThread "G1 Refine#4" [stack: 0x000000dc21f00000,0x000000dc22000000] [id=10904]
  0x000002bc52a00800 ConcurrentGCThread "G1 Refine#5" [stack: 0x000000dc21e00000,0x000000dc21f00000] [id=10116]
  0x000002bc52a03000 ConcurrentGCThread "G1 Refine#6" [stack: 0x000000dc21d00000,0x000000dc21e00000] [id=10348]
  0x000002bc529f4800 ConcurrentGCThread "G1 Refine#7" [stack: 0x000000dc21c00000,0x000000dc21d00000] [id=9704]
  0x000002bc52a16800 ConcurrentGCThread "G1 Young RemSet Sampling" [stack: 0x000000dc22400000,0x000000dc22500000] [id=17524]

Threads with active compile tasks:

VM state:not at safepoint (normal execution)

VM Mutex/Monitor currently owned by a thread: None

Heap address: 0x00000006c3a00000, size: 4038 MB, Compressed Oops mode: Zero based, Oop shift amount: 3
Narrow klass base: 0x0000000000000000, Narrow klass shift: 3
Compressed class space size: 1073741824 Address: 0x00000007c0000000

Heap:
 garbage-first heap   total 260096K, used 4096K [0x00000006c3a00000, 0x00000006c3b007f0, 0x00000007c0000000)
  region size 1024K, 5 young (5120K), 0 survivors (0K)
 Metaspace       used 6031K, capacity 6084K, committed 6272K, reserved 1056768K
  class space    used 519K, capacity 531K, committed 640K, reserved 1048576K
Heap Regions: E=young(eden), S=young(survivor), O=old, HS=humongous(starts), HC=humongous(continues), CS=collection set, F=free, A=archive, TS=gc time stamp, AC=allocation context, TAMS=top-at-mark-start (previous, next)
|   0|0x00000006c3a00000, 0x00000006c3a00000, 0x00000006c3b00000|  0%| F|  |TS  0|AC  0|TAMS 0x00000006c3a00000, 0x00000006c3a00000|
|   1|0x00000006c3b00000, 0x00000006c3b00000, 0x00000006c3c00000|  0%| F|  |TS  0|AC  0|TAMS 0x00000006c3b00000, 0x00000006c3b00000|
|   2|0x00000006c3c00000, 0x00000006c3c00000, 0x00000006c3d00000|  0%| F|  |TS  0|AC  0|TAMS 0x00000006c3c00000, 0x00000006c3c00000|
|   3|0x00000006c3d00000, 0x00000006c3d00000, 0x00000006c3e00000|  0%| F|  |TS  0|AC  0|TAMS 0x00000006c3d00000, 0x00000006c3d00000|
|   4|0x00000006c3e00000, 0x00000006c3e00000, 0x00000006c3f00000|  0%| F|  |TS  0|AC  0|TAMS 0x00000006c3e00000, 0x00000006c3e00000|
|   5|0x00000006c3f00000, 0x00000006c3f00000, 0x00000006c4000000|  0%| F|  |TS  0|AC  0|TAMS 0x00000006c3f00000, 0x00000006c3f00000|
|   6|0x00000006c4000000, 0x00000006c4000000, 0x00000006c4100000|  0%| F|  |TS  0|AC  0|TAMS 0x00000006c4000000, 0x00000006c4000000|
|   7|0x00000006c4100000, 0x00000006c4100000, 0x00000006c4200000|  0%| F|  |TS  0|AC  0|TAMS 0x00000006c4100000, 0x00000006c4100000|
|   8|0x00000006c4200000, 0x00000006c4200000, 0x00000006c4300000|  0%| F|  |TS  0|AC  0|TAMS 0x00000006c4200000, 0x00000006c4200000|
|   9|0x00000006c4300000, 0x00000006c4300000, 0x00000006c4400000|  0%| F|  |TS  0|AC  0|TAMS 0x00000006c4300000, 0x00000006c4300000|
|  10|0x00000006c4400000, 0x00000006c4400000, 0x00000006c4500000|  0%| F|  |TS  0|AC  0|TAMS 0x00000006c4400000, 0x00000006c4400000|
|  11|0x00000006c4500000, 0x00000006c4500000, 0x00000006c4600000|  0%| F|  |TS  0|AC  0|TAMS 0x00000006c4500000, 0x00000006c4500000|
|  12|0x00000006c4600000, 0x00000006c4600000, 0x00000006c4700000|  0%| F|  |TS  0|AC  0|TAMS 0x00000006c4600000, 0x00000006c4600000|
|  13|0x00000006c4700000, 0x00000006c4700000, 0x00000006c4800000|  0%| F|  |TS  0|AC  0|TAMS 0x00000006c4700000, 0x00000006c4700000|
|  14|0x00000006c4800000, 0x00000006c4800000, 0x00000006c4900000|  0%| F|  |TS  0|AC  0|TAMS 0x00000006c4800000, 0x00000006c4800000|
|  15|0x00000006c4900000, 0x00000006c4900000, 0x00000006c4a00000|  0%| F|  |TS  0|AC  0|TAMS 0x00000006c4900000, 0x00000006c4900000|
|  16|0x00000006c4a00000, 0x00000006c4a00000, 0x00000006c4b00000|  0%| F|  |TS  0|AC  0|TAMS 0x00000006c4a00000, 0x00000006c4a00000|
|  17|0x00000006c4b00000, 0x00000006c4b00000, 0x00000006c4c00000|  0%| F|  |TS  0|AC  0|TAMS 0x00000006c4b00000, 0x00000006c4b00000|
|  18|0x00000006c4c00000, 0x00000006c4c00000, 0x00000006c4d00000|  0%| F|  |TS  0|AC  0|TAMS 0x00000006c4c00000, 0x00000006c4c00000|
|  19|0x00000006c4d00000, 0x00000006c4d00000, 0x00000006c4e00000|  0%| F|  |TS  0|AC  0|TAMS 0x00000006c4d00000, 0x00000006c4d00000|
|  20|0x00000006c4e00000, 0x00000006c4e00000, 0x00000006c4f00000|  0%| F|  |TS  0|AC  0|TAMS 0x00000006c4e00000, 0x00000006c4e00000|
|  21|0x00000006c4f00000, 0x00000006c4f00000, 0x00000006c5000000|  0%| F|  |TS  0|AC  0|TAMS 0x00000006c4f00000, 0x00000006c4f00000|
|  22|0x00000006c5000000, 0x00000006c5000000, 0x00000006c5100000|  0%| F|  |TS  0|AC  0|TAMS 0x00000006c5000000, 0x00000006c5000000|
|  23|0x00000006c5100000, 0x00000006c5100000, 0x00000006c5200000|  0%| F|  |TS  0|AC  0|TAMS 0x00000006c5100000, 0x00000006c5100000|
|  24|0x00000006c5200000, 0x00000006c5200000, 0x00000006c5300000|  0%| F|  |TS  0|AC  0|TAMS 0x00000006c5200000, 0x00000006c5200000|
|  25|0x00000006c5300000, 0x00000006c5300000, 0x00000006c5400000|  0%| F|  |TS  0|AC  0|TAMS 0x00000006c5300000, 0x00000006c5300000|
|  26|0x00000006c5400000, 0x00000006c5400000, 0x00000006c5500000|  0%| F|  |TS  0|AC  0|TAMS 0x00000006c5400000, 0x00000006c5400000|
|  27|0x00000006c5500000, 0x00000006c5500000, 0x00000006c5600000|  0%| F|  |TS  0|AC  0|TAMS 0x00000006c5500000, 0x00000006c5500000|
|  28|0x00000006c5600000, 0x00000006c5600000, 0x00000006c5700000|  0%| F|  |TS  0|AC  0|TAMS 0x00000006c5600000, 0x00000006c5600000|
|  29|0x00000006c5700000, 0x00000006c5700000, 0x00000006c5800000|  0%| F|  |TS  0|AC  0|TAMS 0x00000006c5700000, 0x00000006c5700000|
|  30|0x00000006c5800000, 0x00000006c5800000, 0x00000006c5900000|  0%| F|  |TS  0|AC  0|TAMS 0x00000006c5800000, 0x00000006c5800000|
|  31|0x00000006c5900000, 0x00000006c5900000, 0x00000006c5a00000|  0%| F|  |TS  0|AC  0|TAMS 0x00000006c5900000, 0x00000006c5900000|
|  32|0x00000006c5a00000, 0x00000006c5a00000, 0x00000006c5b00000|  0%| F|  |TS  0|AC  0|TAMS 0x00000006c5a00000, 0x00000006c5a00000|
|  33|0x00000006c5b00000, 0x00000006c5b00000, 0x00000006c5c00000|  0%| F|  |TS  0|AC  0|TAMS 0x00000006c5b00000, 0x00000006c5b00000|
|  34|0x00000006c5c00000, 0x00000006c5c00000, 0x00000006c5d00000|  0%| F|  |TS  0|AC  0|TAMS 0x00000006c5c00000, 0x00000006c5c00000|
|  35|0x00000006c5d00000, 0x00000006c5d00000, 0x00000006c5e00000|  0%| F|  |TS  0|AC  0|TAMS 0x00000006c5d00000, 0x00000006c5d00000|
|  36|0x00000006c5e00000, 0x00000006c5e00000, 0x00000006c5f00000|  0%| F|  |TS  0|AC  0|TAMS 0x00000006c5e00000, 0x00000006c5e00000|
|  37|0x00000006c5f00000, 0x00000006c5f00000, 0x00000006c6000000|  0%| F|  |TS  0|AC  0|TAMS 0x00000006c5f00000, 0x00000006c5f00000|
|  38|0x00000006c6000000, 0x00000006c6000000, 0x00000006c6100000|  0%| F|  |TS  0|AC  0|TAMS 0x00000006c6000000, 0x00000006c6000000|
|  39|0x00000006c6100000, 0x00000006c6100000, 0x00000006c6200000|  0%| F|  |TS  0|AC  0|TAMS 0x00000006c6100000, 0x00000006c6100000|
|  40|0x00000006c6200000, 0x00000006c6200000, 0x00000006c6300000|  0%| F|  |TS  0|AC  0|TAMS 0x00000006c6200000, 0x00000006c6200000|
|  41|0x00000006c6300000, 0x00000006c6300000, 0x00000006c6400000|  0%| F|  |TS  0|AC  0|TAMS 0x00000006c6300000, 0x00000006c6300000|
|  42|0x00000006c6400000, 0x00000006c6400000, 0x00000006c6500000|  0%| F|  |TS  0|AC  0|TAMS 0x00000006c6400000, 0x00000006c6400000|
|  43|0x00000006c6500000, 0x00000006c6500000, 0x00000006c6600000|  0%| F|  |TS  0|AC  0|TAMS 0x00000006c6500000, 0x00000006c6500000|
|  44|0x00000006c6600000, 0x00000006c6600000, 0x00000006c6700000|  0%| F|  |TS  0|AC  0|TAMS 0x00000006c6600000, 0x00000006c6600000|
|  45|0x00000006c6700000, 0x00000006c6700000, 0x00000006c6800000|  0%| F|  |TS  0|AC  0|TAMS 0x00000006c6700000, 0x00000006c6700000|
|  46|0x00000006c6800000, 0x00000006c6800000, 0x00000006c6900000|  0%| F|  |TS  0|AC  0|TAMS 0x00000006c6800000, 0x00000006c6800000|
|  47|0x00000006c6900000, 0x00000006c6900000, 0x00000006c6a00000|  0%| F|  |TS  0|AC  0|TAMS 0x00000006c6900000, 0x00000006c6900000|
|  48|0x00000006c6a00000, 0x00000006c6a00000, 0x00000006c6b00000|  0%| F|  |TS  0|AC  0|TAMS 0x00000006c6a00000, 0x00000006c6a00000|
|  49|0x00000006c6b00000, 0x00000006c6b00000, 0x00000006c6c00000|  0%| F|  |TS  0|AC  0|TAMS 0x00000006c6b00000, 0x00000006c6b00000|
|  50|0x00000006c6c00000, 0x00000006c6c00000, 0x00000006c6d00000|  0%| F|  |TS  0|AC  0|TAMS 0x00000006c6c00000, 0x00000006c6c00000|
|  51|0x00000006c6d00000, 0x00000006c6d00000, 0x00000006c6e00000|  0%| F|  |TS  0|AC  0|TAMS 0x00000006c6d00000, 0x00000006c6d00000|
|  52|0x00000006c6e00000, 0x00000006c6e00000, 0x00000006c6f00000|  0%| F|  |TS  0|AC  0|TAMS 0x00000006c6e00000, 0x00000006c6e00000|
|  53|0x00000006c6f00000, 0x00000006c6f00000, 0x00000006c7000000|  0%| F|  |TS  0|AC  0|TAMS 0x00000006c6f00000, 0x00000006c6f00000|
|  54|0x00000006c7000000, 0x00000006c7000000, 0x00000006c7100000|  0%| F|  |TS  0|AC  0|TAMS 0x00000006c7000000, 0x00000006c7000000|
|  55|0x00000006c7100000, 0x00000006c7100000, 0x00000006c7200000|  0%| F|  |TS  0|AC  0|TAMS 0x00000006c7100000, 0x00000006c7100000|
|  56|0x00000006c7200000, 0x00000006c7200000, 0x00000006c7300000|  0%| F|  |TS  0|AC  0|TAMS 0x00000006c7200000, 0x00000006c7200000|
|  57|0x00000006c7300000, 0x00000006c7300000, 0x00000006c7400000|  0%| F|  |TS  0|AC  0|TAMS 0x00000006c7300000, 0x00000006c7300000|
|  58|0x00000006c7400000, 0x00000006c7400000, 0x00000006c7500000|  0%| F|  |TS  0|AC  0|TAMS 0x00000006c7400000, 0x00000006c7400000|
|  59|0x00000006c7500000, 0x00000006c7500000, 0x00000006c7600000|  0%| F|  |TS  0|AC  0|TAMS 0x00000006c7500000, 0x00000006c7500000|
|  60|0x00000006c7600000, 0x00000006c7600000, 0x00000006c7700000|  0%| F|  |TS  0|AC  0|TAMS 0x00000006c7600000, 0x00000006c7600000|
|  61|0x00000006c7700000, 0x00000006c7700000, 0x00000006c7800000|  0%| F|  |TS  0|AC  0|TAMS 0x00000006c7700000, 0x00000006c7700000|
|  62|0x00000006c7800000, 0x00000006c7800000, 0x00000006c7900000|  0%| F|  |TS  0|AC  0|TAMS 0x00000006c7800000, 0x00000006c7800000|
|  63|0x00000006c7900000, 0x00000006c7900000, 0x00000006c7a00000|  0%| F|  |TS  0|AC  0|TAMS 0x00000006c7900000, 0x00000006c7900000|
|  64|0x00000006c7a00000, 0x00000006c7a00000, 0x00000006c7b00000|  0%| F|  |TS  0|AC  0|TAMS 0x00000006c7a00000, 0x00000006c7a00000|
|  65|0x00000006c7b00000, 0x00000006c7b00000, 0x00000006c7c00000|  0%| F|  |TS  0|AC  0|TAMS 0x00000006c7b00000, 0x00000006c7b00000|
|  66|0x00000006c7c00000, 0x00000006c7c00000, 0x00000006c7d00000|  0%| F|  |TS  0|AC  0|TAMS 0x00000006c7c00000, 0x00000006c7c00000|
|  67|0x00000006c7d00000, 0x00000006c7d00000, 0x00000006c7e00000|  0%| F|  |TS  0|AC  0|TAMS 0x00000006c7d00000, 0x00000006c7d00000|
|  68|0x00000006c7e00000, 0x00000006c7e00000, 0x00000006c7f00000|  0%| F|  |TS  0|AC  0|TAMS 0x00000006c7e00000, 0x00000006c7e00000|
|  69|0x00000006c7f00000, 0x00000006c7f00000, 0x00000006c8000000|  0%| F|  |TS  0|AC  0|TAMS 0x00000006c7f00000, 0x00000006c7f00000|
|  70|0x00000006c8000000, 0x00000006c8000000, 0x00000006c8100000|  0%| F|  |TS  0|AC  0|TAMS 0x00000006c8000000, 0x00000006c8000000|
|  71|0x00000006c8100000, 0x00000006c8100000, 0x00000006c8200000|  0%| F|  |TS  0|AC  0|TAMS 0x00000006c8100000, 0x00000006c8100000|
|  72|0x00000006c8200000, 0x00000006c8200000, 0x00000006c8300000|  0%| F|  |TS  0|AC  0|TAMS 0x00000006c8200000, 0x00000006c8200000|
|  73|0x00000006c8300000, 0x00000006c8300000, 0x00000006c8400000|  0%| F|  |TS  0|AC  0|TAMS 0x00000006c8300000, 0x00000006c8300000|
|  74|0x00000006c8400000, 0x00000006c8400000, 0x00000006c8500000|  0%| F|  |TS  0|AC  0|TAMS 0x00000006c8400000, 0x00000006c8400000|
|  75|0x00000006c8500000, 0x00000006c8500000, 0x00000006c8600000|  0%| F|  |TS  0|AC  0|TAMS 0x00000006c8500000, 0x00000006c8500000|
|  76|0x00000006c8600000, 0x00000006c8600000, 0x00000006c8700000|  0%| F|  |TS  0|AC  0|TAMS 0x00000006c8600000, 0x00000006c8600000|
|  77|0x00000006c8700000, 0x00000006c8700000, 0x00000006c8800000|  0%| F|  |TS  0|AC  0|TAMS 0x00000006c8700000, 0x00000006c8700000|
|  78|0x00000006c8800000, 0x00000006c8800000, 0x00000006c8900000|  0%| F|  |TS  0|AC  0|TAMS 0x00000006c8800000, 0x00000006c8800000|
|  79|0x00000006c8900000, 0x00000006c8900000, 0x00000006c8a00000|  0%| F|  |TS  0|AC  0|TAMS 0x00000006c8900000, 0x00000006c8900000|
|  80|0x00000006c8a00000, 0x00000006c8a00000, 0x00000006c8b00000|  0%| F|  |TS  0|AC  0|TAMS 0x00000006c8a00000, 0x00000006c8a00000|
|  81|0x00000006c8b00000, 0x00000006c8b00000, 0x00000006c8c00000|  0%| F|  |TS  0|AC  0|TAMS 0x00000006c8b00000, 0x00000006c8b00000|
|  82|0x00000006c8c00000, 0x00000006c8c00000, 0x00000006c8d00000|  0%| F|  |TS  0|AC  0|TAMS 0x00000006c8c00000, 0x00000006c8c00000|
|  83|0x00000006c8d00000, 0x00000006c8d00000, 0x00000006c8e00000|  0%| F|  |TS  0|AC  0|TAMS 0x00000006c8d00000, 0x00000006c8d00000|
|  84|0x00000006c8e00000, 0x00000006c8e00000, 0x00000006c8f00000|  0%| F|  |TS  0|AC  0|TAMS 0x00000006c8e00000, 0x00000006c8e00000|
|  85|0x00000006c8f00000, 0x00000006c8f00000, 0x00000006c9000000|  0%| F|  |TS  0|AC  0|TAMS 0x00000006c8f00000, 0x00000006c8f00000|
|  86|0x00000006c9000000, 0x00000006c9000000, 0x00000006c9100000|  0%| F|  |TS  0|AC  0|TAMS 0x00000006c9000000, 0x00000006c9000000|
|  87|0x00000006c9100000, 0x00000006c9100000, 0x00000006c9200000|  0%| F|  |TS  0|AC  0|TAMS 0x00000006c9100000, 0x00000006c9100000|
|  88|0x00000006c9200000, 0x00000006c9200000, 0x00000006c9300000|  0%| F|  |TS  0|AC  0|TAMS 0x00000006c9200000, 0x00000006c9200000|
|  89|0x00000006c9300000, 0x00000006c9300000, 0x00000006c9400000|  0%| F|  |TS  0|AC  0|TAMS 0x00000006c9300000, 0x00000006c9300000|
|  90|0x00000006c9400000, 0x00000006c9400000, 0x00000006c9500000|  0%| F|  |TS  0|AC  0|TAMS 0x00000006c9400000, 0x00000006c9400000|
|  91|0x00000006c9500000, 0x00000006c9500000, 0x00000006c9600000|  0%| F|  |TS  0|AC  0|TAMS 0x00000006c9500000, 0x00000006c9500000|
|  92|0x00000006c9600000, 0x00000006c9600000, 0x00000006c9700000|  0%| F|  |TS  0|AC  0|TAMS 0x00000006c9600000, 0x00000006c9600000|
|  93|0x00000006c9700000, 0x00000006c9700000, 0x00000006c9800000|  0%| F|  |TS  0|AC  0|TAMS 0x00000006c9700000, 0x00000006c9700000|
|  94|0x00000006c9800000, 0x00000006c9800000, 0x00000006c9900000|  0%| F|  |TS  0|AC  0|TAMS 0x00000006c9800000, 0x00000006c9800000|
|  95|0x00000006c9900000, 0x00000006c9900000, 0x00000006c9a00000|  0%| F|  |TS  0|AC  0|TAMS 0x00000006c9900000, 0x00000006c9900000|
|  96|0x00000006c9a00000, 0x00000006c9a00000, 0x00000006c9b00000|  0%| F|  |TS  0|AC  0|TAMS 0x00000006c9a00000, 0x00000006c9a00000|
|  97|0x00000006c9b00000, 0x00000006c9b00000, 0x00000006c9c00000|  0%| F|  |TS  0|AC  0|TAMS 0x00000006c9b00000, 0x00000006c9b00000|
|  98|0x00000006c9c00000, 0x00000006c9c00000, 0x00000006c9d00000|  0%| F|  |TS  0|AC  0|TAMS 0x00000006c9c00000, 0x00000006c9c00000|
|  99|0x00000006c9d00000, 0x00000006c9d00000, 0x00000006c9e00000|  0%| F|  |TS  0|AC  0|TAMS 0x00000006c9d00000, 0x00000006c9d00000|
| 100|0x00000006c9e00000, 0x00000006c9e00000, 0x00000006c9f00000|  0%| F|  |TS  0|AC  0|TAMS 0x00000006c9e00000, 0x00000006c9e00000|
| 101|0x00000006c9f00000, 0x00000006c9f00000, 0x00000006ca000000|  0%| F|  |TS  0|AC  0|TAMS 0x00000006c9f00000, 0x00000006c9f00000|
| 102|0x00000006ca000000, 0x00000006ca000000, 0x00000006ca100000|  0%| F|  |TS  0|AC  0|TAMS 0x00000006ca000000, 0x00000006ca000000|
| 103|0x00000006ca100000, 0x00000006ca100000, 0x00000006ca200000|  0%| F|  |TS  0|AC  0|TAMS 0x00000006ca100000, 0x00000006ca100000|
| 104|0x00000006ca200000, 0x00000006ca200000, 0x00000006ca300000|  0%| F|  |TS  0|AC  0|TAMS 0x00000006ca200000, 0x00000006ca200000|
| 105|0x00000006ca300000, 0x00000006ca300000, 0x00000006ca400000|  0%| F|  |TS  0|AC  0|TAMS 0x00000006ca300000, 0x00000006ca300000|
| 106|0x00000006ca400000, 0x00000006ca400000, 0x00000006ca500000|  0%| F|  |TS  0|AC  0|TAMS 0x00000006ca400000, 0x00000006ca400000|
| 107|0x00000006ca500000, 0x00000006ca500000, 0x00000006ca600000|  0%| F|  |TS  0|AC  0|TAMS 0x00000006ca500000, 0x00000006ca500000|
| 108|0x00000006ca600000, 0x00000006ca600000, 0x00000006ca700000|  0%| F|  |TS  0|AC  0|TAMS 0x00000006ca600000, 0x00000006ca600000|
| 109|0x00000006ca700000, 0x00000006ca700000, 0x00000006ca800000|  0%| F|  |TS  0|AC  0|TAMS 0x00000006ca700000, 0x00000006ca700000|
| 110|0x00000006ca800000, 0x00000006ca800000, 0x00000006ca900000|  0%| F|  |TS  0|AC  0|TAMS 0x00000006ca800000, 0x00000006ca800000|
| 111|0x00000006ca900000, 0x00000006ca900000, 0x00000006caa00000|  0%| F|  |TS  0|AC  0|TAMS 0x00000006ca900000, 0x00000006ca900000|
| 112|0x00000006caa00000, 0x00000006caa00000, 0x00000006cab00000|  0%| F|  |TS  0|AC  0|TAMS 0x00000006caa00000, 0x00000006caa00000|
| 113|0x00000006cab00000, 0x00000006cab00000, 0x00000006cac00000|  0%| F|  |TS  0|AC  0|TAMS 0x00000006cab00000, 0x00000006cab00000|
| 114|0x00000006cac00000, 0x00000006cac00000, 0x00000006cad00000|  0%| F|  |TS  0|AC  0|TAMS 0x00000006cac00000, 0x00000006cac00000|
| 115|0x00000006cad00000, 0x00000006cad00000, 0x00000006cae00000|  0%| F|  |TS  0|AC  0|TAMS 0x00000006cad00000, 0x00000006cad00000|
| 116|0x00000006cae00000, 0x00000006cae00000, 0x00000006caf00000|  0%| F|  |TS  0|AC  0|TAMS 0x00000006cae00000, 0x00000006cae00000|
| 117|0x00000006caf00000, 0x00000006caf00000, 0x00000006cb000000|  0%| F|  |TS  0|AC  0|TAMS 0x00000006caf00000, 0x00000006caf00000|
| 118|0x00000006cb000000, 0x00000006cb000000, 0x00000006cb100000|  0%| F|  |TS  0|AC  0|TAMS 0x00000006cb000000, 0x00000006cb000000|
| 119|0x00000006cb100000, 0x00000006cb100000, 0x00000006cb200000|  0%| F|  |TS  0|AC  0|TAMS 0x00000006cb100000, 0x00000006cb100000|
| 120|0x00000006cb200000, 0x00000006cb200000, 0x00000006cb300000|  0%| F|  |TS  0|AC  0|TAMS 0x00000006cb200000, 0x00000006cb200000|
| 121|0x00000006cb300000, 0x00000006cb300000, 0x00000006cb400000|  0%| F|  |TS  0|AC  0|TAMS 0x00000006cb300000, 0x00000006cb300000|
| 122|0x00000006cb400000, 0x00000006cb400000, 0x00000006cb500000|  0%| F|  |TS  0|AC  0|TAMS 0x00000006cb400000, 0x00000006cb400000|
| 123|0x00000006cb500000, 0x00000006cb500000, 0x00000006cb600000|  0%| F|  |TS  0|AC  0|TAMS 0x00000006cb500000, 0x00000006cb500000|
| 124|0x00000006cb600000, 0x00000006cb600000, 0x00000006cb700000|  0%| F|  |TS  0|AC  0|TAMS 0x00000006cb600000, 0x00000006cb600000|
| 125|0x00000006cb700000, 0x00000006cb700000, 0x00000006cb800000|  0%| F|  |TS  0|AC  0|TAMS 0x00000006cb700000, 0x00000006cb700000|
| 126|0x00000006cb800000, 0x00000006cb800000, 0x00000006cb900000|  0%| F|  |TS  0|AC  0|TAMS 0x00000006cb800000, 0x00000006cb800000|
| 127|0x00000006cb900000, 0x00000006cb900000, 0x00000006cba00000|  0%| F|  |TS  0|AC  0|TAMS 0x00000006cb900000, 0x00000006cb900000|
| 128|0x00000006cba00000, 0x00000006cba00000, 0x00000006cbb00000|  0%| F|  |TS  0|AC  0|TAMS 0x00000006cba00000, 0x00000006cba00000|
| 129|0x00000006cbb00000, 0x00000006cbb00000, 0x00000006cbc00000|  0%| F|  |TS  0|AC  0|TAMS 0x00000006cbb00000, 0x00000006cbb00000|
| 130|0x00000006cbc00000, 0x00000006cbc00000, 0x00000006cbd00000|  0%| F|  |TS  0|AC  0|TAMS 0x00000006cbc00000, 0x00000006cbc00000|
| 131|0x00000006cbd00000, 0x00000006cbd00000, 0x00000006cbe00000|  0%| F|  |TS  0|AC  0|TAMS 0x00000006cbd00000, 0x00000006cbd00000|
| 132|0x00000006cbe00000, 0x00000006cbe00000, 0x00000006cbf00000|  0%| F|  |TS  0|AC  0|TAMS 0x00000006cbe00000, 0x00000006cbe00000|
| 133|0x00000006cbf00000, 0x00000006cbf00000, 0x00000006cc000000|  0%| F|  |TS  0|AC  0|TAMS 0x00000006cbf00000, 0x00000006cbf00000|
| 134|0x00000006cc000000, 0x00000006cc000000, 0x00000006cc100000|  0%| F|  |TS  0|AC  0|TAMS 0x00000006cc000000, 0x00000006cc000000|
| 135|0x00000006cc100000, 0x00000006cc100000, 0x00000006cc200000|  0%| F|  |TS  0|AC  0|TAMS 0x00000006cc100000, 0x00000006cc100000|
| 136|0x00000006cc200000, 0x00000006cc200000, 0x00000006cc300000|  0%| F|  |TS  0|AC  0|TAMS 0x00000006cc200000, 0x00000006cc200000|
| 137|0x00000006cc300000, 0x00000006cc300000, 0x00000006cc400000|  0%| F|  |TS  0|AC  0|TAMS 0x00000006cc300000, 0x00000006cc300000|
| 138|0x00000006cc400000, 0x00000006cc400000, 0x00000006cc500000|  0%| F|  |TS  0|AC  0|TAMS 0x00000006cc400000, 0x00000006cc400000|
| 139|0x00000006cc500000, 0x00000006cc500000, 0x00000006cc600000|  0%| F|  |TS  0|AC  0|TAMS 0x00000006cc500000, 0x00000006cc500000|
| 140|0x00000006cc600000, 0x00000006cc600000, 0x00000006cc700000|  0%| F|  |TS  0|AC  0|TAMS 0x00000006cc600000, 0x00000006cc600000|
| 141|0x00000006cc700000, 0x00000006cc700000, 0x00000006cc800000|  0%| F|  |TS  0|AC  0|TAMS 0x00000006cc700000, 0x00000006cc700000|
| 142|0x00000006cc800000, 0x00000006cc800000, 0x00000006cc900000|  0%| F|  |TS  0|AC  0|TAMS 0x00000006cc800000, 0x00000006cc800000|
| 143|0x00000006cc900000, 0x00000006cc900000, 0x00000006cca00000|  0%| F|  |TS  0|AC  0|TAMS 0x00000006cc900000, 0x00000006cc900000|
| 144|0x00000006cca00000, 0x00000006cca00000, 0x00000006ccb00000|  0%| F|  |TS  0|AC  0|TAMS 0x00000006cca00000, 0x00000006cca00000|
| 145|0x00000006ccb00000, 0x00000006ccb00000, 0x00000006ccc00000|  0%| F|  |TS  0|AC  0|TAMS 0x00000006ccb00000, 0x00000006ccb00000|
| 146|0x00000006ccc00000, 0x00000006ccc00000, 0x00000006ccd00000|  0%| F|  |TS  0|AC  0|TAMS 0x00000006ccc00000, 0x00000006ccc00000|
| 147|0x00000006ccd00000, 0x00000006ccd00000, 0x00000006cce00000|  0%| F|  |TS  0|AC  0|TAMS 0x00000006ccd00000, 0x00000006ccd00000|
| 148|0x00000006cce00000, 0x00000006cce00000, 0x00000006ccf00000|  0%| F|  |TS  0|AC  0|TAMS 0x00000006cce00000, 0x00000006cce00000|
| 149|0x00000006ccf00000, 0x00000006ccf00000, 0x00000006cd000000|  0%| F|  |TS  0|AC  0|TAMS 0x00000006ccf00000, 0x00000006ccf00000|
| 150|0x00000006cd000000, 0x00000006cd000000, 0x00000006cd100000|  0%| F|  |TS  0|AC  0|TAMS 0x00000006cd000000, 0x00000006cd000000|
| 151|0x00000006cd100000, 0x00000006cd100000, 0x00000006cd200000|  0%| F|  |TS  0|AC  0|TAMS 0x00000006cd100000, 0x00000006cd100000|
| 152|0x00000006cd200000, 0x00000006cd200000, 0x00000006cd300000|  0%| F|  |TS  0|AC  0|TAMS 0x00000006cd200000, 0x00000006cd200000|
| 153|0x00000006cd300000, 0x00000006cd300000, 0x00000006cd400000|  0%| F|  |TS  0|AC  0|TAMS 0x00000006cd300000, 0x00000006cd300000|
| 154|0x00000006cd400000, 0x00000006cd400000, 0x00000006cd500000|  0%| F|  |TS  0|AC  0|TAMS 0x00000006cd400000, 0x00000006cd400000|
| 155|0x00000006cd500000, 0x00000006cd500000, 0x00000006cd600000|  0%| F|  |TS  0|AC  0|TAMS 0x00000006cd500000, 0x00000006cd500000|
| 156|0x00000006cd600000, 0x00000006cd600000, 0x00000006cd700000|  0%| F|  |TS  0|AC  0|TAMS 0x00000006cd600000, 0x00000006cd600000|
| 157|0x00000006cd700000, 0x00000006cd700000, 0x00000006cd800000|  0%| F|  |TS  0|AC  0|TAMS 0x00000006cd700000, 0x00000006cd700000|
| 158|0x00000006cd800000, 0x00000006cd800000, 0x00000006cd900000|  0%| F|  |TS  0|AC  0|TAMS 0x00000006cd800000, 0x00000006cd800000|
| 159|0x00000006cd900000, 0x00000006cd900000, 0x00000006cda00000|  0%| F|  |TS  0|AC  0|TAMS 0x00000006cd900000, 0x00000006cd900000|
| 160|0x00000006cda00000, 0x00000006cda00000, 0x00000006cdb00000|  0%| F|  |TS  0|AC  0|TAMS 0x00000006cda00000, 0x00000006cda00000|
| 161|0x00000006cdb00000, 0x00000006cdb00000, 0x00000006cdc00000|  0%| F|  |TS  0|AC  0|TAMS 0x00000006cdb00000, 0x00000006cdb00000|
| 162|0x00000006cdc00000, 0x00000006cdc00000, 0x00000006cdd00000|  0%| F|  |TS  0|AC  0|TAMS 0x00000006cdc00000, 0x00000006cdc00000|
| 163|0x00000006cdd00000, 0x00000006cdd00000, 0x00000006cde00000|  0%| F|  |TS  0|AC  0|TAMS 0x00000006cdd00000, 0x00000006cdd00000|
| 164|0x00000006cde00000, 0x00000006cde00000, 0x00000006cdf00000|  0%| F|  |TS  0|AC  0|TAMS 0x00000006cde00000, 0x00000006cde00000|
| 165|0x00000006cdf00000, 0x00000006cdf00000, 0x00000006ce000000|  0%| F|  |TS  0|AC  0|TAMS 0x00000006cdf00000, 0x00000006cdf00000|
| 166|0x00000006ce000000, 0x00000006ce000000, 0x00000006ce100000|  0%| F|  |TS  0|AC  0|TAMS 0x00000006ce000000, 0x00000006ce000000|
| 167|0x00000006ce100000, 0x00000006ce100000, 0x00000006ce200000|  0%| F|  |TS  0|AC  0|TAMS 0x00000006ce100000, 0x00000006ce100000|
| 168|0x00000006ce200000, 0x00000006ce200000, 0x00000006ce300000|  0%| F|  |TS  0|AC  0|TAMS 0x00000006ce200000, 0x00000006ce200000|
| 169|0x00000006ce300000, 0x00000006ce300000, 0x00000006ce400000|  0%| F|  |TS  0|AC  0|TAMS 0x00000006ce300000, 0x00000006ce300000|
| 170|0x00000006ce400000, 0x00000006ce400000, 0x00000006ce500000|  0%| F|  |TS  0|AC  0|TAMS 0x00000006ce400000, 0x00000006ce400000|
| 171|0x00000006ce500000, 0x00000006ce500000, 0x00000006ce600000|  0%| F|  |TS  0|AC  0|TAMS 0x00000006ce500000, 0x00000006ce500000|
| 172|0x00000006ce600000, 0x00000006ce600000, 0x00000006ce700000|  0%| F|  |TS  0|AC  0|TAMS 0x00000006ce600000, 0x00000006ce600000|
| 173|0x00000006ce700000, 0x00000006ce700000, 0x00000006ce800000|  0%| F|  |TS  0|AC  0|TAMS 0x00000006ce700000, 0x00000006ce700000|
| 174|0x00000006ce800000, 0x00000006ce800000, 0x00000006ce900000|  0%| F|  |TS  0|AC  0|TAMS 0x00000006ce800000, 0x00000006ce800000|
| 175|0x00000006ce900000, 0x00000006ce900000, 0x00000006cea00000|  0%| F|  |TS  0|AC  0|TAMS 0x00000006ce900000, 0x00000006ce900000|
| 176|0x00000006cea00000, 0x00000006cea00000, 0x00000006ceb00000|  0%| F|  |TS  0|AC  0|TAMS 0x00000006cea00000, 0x00000006cea00000|
| 177|0x00000006ceb00000, 0x00000006ceb00000, 0x00000006cec00000|  0%| F|  |TS  0|AC  0|TAMS 0x00000006ceb00000, 0x00000006ceb00000|
| 178|0x00000006cec00000, 0x00000006cec00000, 0x00000006ced00000|  0%| F|  |TS  0|AC  0|TAMS 0x00000006cec00000, 0x00000006cec00000|
| 179|0x00000006ced00000, 0x00000006ced00000, 0x00000006cee00000|  0%| F|  |TS  0|AC  0|TAMS 0x00000006ced00000, 0x00000006ced00000|
| 180|0x00000006cee00000, 0x00000006cee00000, 0x00000006cef00000|  0%| F|  |TS  0|AC  0|TAMS 0x00000006cee00000, 0x00000006cee00000|
| 181|0x00000006cef00000, 0x00000006cef00000, 0x00000006cf000000|  0%| F|  |TS  0|AC  0|TAMS 0x00000006cef00000, 0x00000006cef00000|
| 182|0x00000006cf000000, 0x00000006cf000000, 0x00000006cf100000|  0%| F|  |TS  0|AC  0|TAMS 0x00000006cf000000, 0x00000006cf000000|
| 183|0x00000006cf100000, 0x00000006cf100000, 0x00000006cf200000|  0%| F|  |TS  0|AC  0|TAMS 0x00000006cf100000, 0x00000006cf100000|
| 184|0x00000006cf200000, 0x00000006cf200000, 0x00000006cf300000|  0%| F|  |TS  0|AC  0|TAMS 0x00000006cf200000, 0x00000006cf200000|
| 185|0x00000006cf300000, 0x00000006cf300000, 0x00000006cf400000|  0%| F|  |TS  0|AC  0|TAMS 0x00000006cf300000, 0x00000006cf300000|
| 186|0x00000006cf400000, 0x00000006cf400000, 0x00000006cf500000|  0%| F|  |TS  0|AC  0|TAMS 0x00000006cf400000, 0x00000006cf400000|
| 187|0x00000006cf500000, 0x00000006cf500000, 0x00000006cf600000|  0%| F|  |TS  0|AC  0|TAMS 0x00000006cf500000, 0x00000006cf500000|
| 188|0x00000006cf600000, 0x00000006cf600000, 0x00000006cf700000|  0%| F|  |TS  0|AC  0|TAMS 0x00000006cf600000, 0x00000006cf600000|
| 189|0x00000006cf700000, 0x00000006cf700000, 0x00000006cf800000|  0%| F|  |TS  0|AC  0|TAMS 0x00000006cf700000, 0x00000006cf700000|
| 190|0x00000006cf800000, 0x00000006cf800000, 0x00000006cf900000|  0%| F|  |TS  0|AC  0|TAMS 0x00000006cf800000, 0x00000006cf800000|
| 191|0x00000006cf900000, 0x00000006cf900000, 0x00000006cfa00000|  0%| F|  |TS  0|AC  0|TAMS 0x00000006cf900000, 0x00000006cf900000|
| 192|0x00000006cfa00000, 0x00000006cfa00000, 0x00000006cfb00000|  0%| F|  |TS  0|AC  0|TAMS 0x00000006cfa00000, 0x00000006cfa00000|
| 193|0x00000006cfb00000, 0x00000006cfb00000, 0x00000006cfc00000|  0%| F|  |TS  0|AC  0|TAMS 0x00000006cfb00000, 0x00000006cfb00000|
| 194|0x00000006cfc00000, 0x00000006cfc00000, 0x00000006cfd00000|  0%| F|  |TS  0|AC  0|TAMS 0x00000006cfc00000, 0x00000006cfc00000|
| 195|0x00000006cfd00000, 0x00000006cfd00000, 0x00000006cfe00000|  0%| F|  |TS  0|AC  0|TAMS 0x00000006cfd00000, 0x00000006cfd00000|
| 196|0x00000006cfe00000, 0x00000006cfe00000, 0x00000006cff00000|  0%| F|  |TS  0|AC  0|TAMS 0x00000006cfe00000, 0x00000006cfe00000|
| 197|0x00000006cff00000, 0x00000006cff00000, 0x00000006d0000000|  0%| F|  |TS  0|AC  0|TAMS 0x00000006cff00000, 0x00000006cff00000|
| 198|0x00000006d0000000, 0x00000006d0000000, 0x00000006d0100000|  0%| F|  |TS  0|AC  0|TAMS 0x00000006d0000000, 0x00000006d0000000|
| 199|0x00000006d0100000, 0x00000006d0100000, 0x00000006d0200000|  0%| F|  |TS  0|AC  0|TAMS 0x00000006d0100000, 0x00000006d0100000|
| 200|0x00000006d0200000, 0x00000006d0200000, 0x00000006d0300000|  0%| F|  |TS  0|AC  0|TAMS 0x00000006d0200000, 0x00000006d0200000|
| 201|0x00000006d0300000, 0x00000006d0300000, 0x00000006d0400000|  0%| F|  |TS  0|AC  0|TAMS 0x00000006d0300000, 0x00000006d0300000|
| 202|0x00000006d0400000, 0x00000006d0400000, 0x00000006d0500000|  0%| F|  |TS  0|AC  0|TAMS 0x00000006d0400000, 0x00000006d0400000|
| 203|0x00000006d0500000, 0x00000006d0500000, 0x00000006d0600000|  0%| F|  |TS  0|AC  0|TAMS 0x00000006d0500000, 0x00000006d0500000|
| 204|0x00000006d0600000, 0x00000006d0600000, 0x00000006d0700000|  0%| F|  |TS  0|AC  0|TAMS 0x00000006d0600000, 0x00000006d0600000|
| 205|0x00000006d0700000, 0x00000006d0700000, 0x00000006d0800000|  0%| F|  |TS  0|AC  0|TAMS 0x00000006d0700000, 0x00000006d0700000|
| 206|0x00000006d0800000, 0x00000006d0800000, 0x00000006d0900000|  0%| F|  |TS  0|AC  0|TAMS 0x00000006d0800000, 0x00000006d0800000|
| 207|0x00000006d0900000, 0x00000006d0900000, 0x00000006d0a00000|  0%| F|  |TS  0|AC  0|TAMS 0x00000006d0900000, 0x00000006d0900000|
| 208|0x00000006d0a00000, 0x00000006d0a00000, 0x00000006d0b00000|  0%| F|  |TS  0|AC  0|TAMS 0x00000006d0a00000, 0x00000006d0a00000|
| 209|0x00000006d0b00000, 0x00000006d0b00000, 0x00000006d0c00000|  0%| F|  |TS  0|AC  0|TAMS 0x00000006d0b00000, 0x00000006d0b00000|
| 210|0x00000006d0c00000, 0x00000006d0c00000, 0x00000006d0d00000|  0%| F|  |TS  0|AC  0|TAMS 0x00000006d0c00000, 0x00000006d0c00000|
| 211|0x00000006d0d00000, 0x00000006d0d00000, 0x00000006d0e00000|  0%| F|  |TS  0|AC  0|TAMS 0x00000006d0d00000, 0x00000006d0d00000|
| 212|0x00000006d0e00000, 0x00000006d0e00000, 0x00000006d0f00000|  0%| F|  |TS  0|AC  0|TAMS 0x00000006d0e00000, 0x00000006d0e00000|
| 213|0x00000006d0f00000, 0x00000006d0f00000, 0x00000006d1000000|  0%| F|  |TS  0|AC  0|TAMS 0x00000006d0f00000, 0x00000006d0f00000|
| 214|0x00000006d1000000, 0x00000006d1000000, 0x00000006d1100000|  0%| F|  |TS  0|AC  0|TAMS 0x00000006d1000000, 0x00000006d1000000|
| 215|0x00000006d1100000, 0x00000006d1100000, 0x00000006d1200000|  0%| F|  |TS  0|AC  0|TAMS 0x00000006d1100000, 0x00000006d1100000|
| 216|0x00000006d1200000, 0x00000006d1200000, 0x00000006d1300000|  0%| F|  |TS  0|AC  0|TAMS 0x00000006d1200000, 0x00000006d1200000|
| 217|0x00000006d1300000, 0x00000006d1300000, 0x00000006d1400000|  0%| F|  |TS  0|AC  0|TAMS 0x00000006d1300000, 0x00000006d1300000|
| 218|0x00000006d1400000, 0x00000006d1400000, 0x00000006d1500000|  0%| F|  |TS  0|AC  0|TAMS 0x00000006d1400000, 0x00000006d1400000|
| 219|0x00000006d1500000, 0x00000006d1500000, 0x00000006d1600000|  0%| F|  |TS  0|AC  0|TAMS 0x00000006d1500000, 0x00000006d1500000|
| 220|0x00000006d1600000, 0x00000006d1600000, 0x00000006d1700000|  0%| F|  |TS  0|AC  0|TAMS 0x00000006d1600000, 0x00000006d1600000|
| 221|0x00000006d1700000, 0x00000006d1700000, 0x00000006d1800000|  0%| F|  |TS  0|AC  0|TAMS 0x00000006d1700000, 0x00000006d1700000|
| 222|0x00000006d1800000, 0x00000006d1800000, 0x00000006d1900000|  0%| F|  |TS  0|AC  0|TAMS 0x00000006d1800000, 0x00000006d1800000|
| 223|0x00000006d1900000, 0x00000006d1900000, 0x00000006d1a00000|  0%| F|  |TS  0|AC  0|TAMS 0x00000006d1900000, 0x00000006d1900000|
| 224|0x00000006d1a00000, 0x00000006d1a00000, 0x00000006d1b00000|  0%| F|  |TS  0|AC  0|TAMS 0x00000006d1a00000, 0x00000006d1a00000|
| 225|0x00000006d1b00000, 0x00000006d1b00000, 0x00000006d1c00000|  0%| F|  |TS  0|AC  0|TAMS 0x00000006d1b00000, 0x00000006d1b00000|
| 226|0x00000006d1c00000, 0x00000006d1c00000, 0x00000006d1d00000|  0%| F|  |TS  0|AC  0|TAMS 0x00000006d1c00000, 0x00000006d1c00000|
| 227|0x00000006d1d00000, 0x00000006d1d00000, 0x00000006d1e00000|  0%| F|  |TS  0|AC  0|TAMS 0x00000006d1d00000, 0x00000006d1d00000|
| 228|0x00000006d1e00000, 0x00000006d1e00000, 0x00000006d1f00000|  0%| F|  |TS  0|AC  0|TAMS 0x00000006d1e00000, 0x00000006d1e00000|
| 229|0x00000006d1f00000, 0x00000006d1f00000, 0x00000006d2000000|  0%| F|  |TS  0|AC  0|TAMS 0x00000006d1f00000, 0x00000006d1f00000|
| 230|0x00000006d2000000, 0x00000006d2000000, 0x00000006d2100000|  0%| F|  |TS  0|AC  0|TAMS 0x00000006d2000000, 0x00000006d2000000|
| 231|0x00000006d2100000, 0x00000006d2100000, 0x00000006d2200000|  0%| F|  |TS  0|AC  0|TAMS 0x00000006d2100000, 0x00000006d2100000|
| 232|0x00000006d2200000, 0x00000006d2200000, 0x00000006d2300000|  0%| F|  |TS  0|AC  0|TAMS 0x00000006d2200000, 0x00000006d2200000|
| 233|0x00000006d2300000, 0x00000006d2300000, 0x00000006d2400000|  0%| F|  |TS  0|AC  0|TAMS 0x00000006d2300000, 0x00000006d2300000|
| 234|0x00000006d2400000, 0x00000006d2400000, 0x00000006d2500000|  0%| F|  |TS  0|AC  0|TAMS 0x00000006d2400000, 0x00000006d2400000|
| 235|0x00000006d2500000, 0x00000006d2500000, 0x00000006d2600000|  0%| F|  |TS  0|AC  0|TAMS 0x00000006d2500000, 0x00000006d2500000|
| 236|0x00000006d2600000, 0x00000006d2600000, 0x00000006d2700000|  0%| F|  |TS  0|AC  0|TAMS 0x00000006d2600000, 0x00000006d2600000|
| 237|0x00000006d2700000, 0x00000006d2700000, 0x00000006d2800000|  0%| F|  |TS  0|AC  0|TAMS 0x00000006d2700000, 0x00000006d2700000|
| 238|0x00000006d2800000, 0x00000006d2800000, 0x00000006d2900000|  0%| F|  |TS  0|AC  0|TAMS 0x00000006d2800000, 0x00000006d2800000|
| 239|0x00000006d2900000, 0x00000006d2900000, 0x00000006d2a00000|  0%| F|  |TS  0|AC  0|TAMS 0x00000006d2900000, 0x00000006d2900000|
| 240|0x00000006d2a00000, 0x00000006d2a00000, 0x00000006d2b00000|  0%| F|  |TS  0|AC  0|TAMS 0x00000006d2a00000, 0x00000006d2a00000|
| 241|0x00000006d2b00000, 0x00000006d2b00000, 0x00000006d2c00000|  0%| F|  |TS  0|AC  0|TAMS 0x00000006d2b00000, 0x00000006d2b00000|
| 242|0x00000006d2c00000, 0x00000006d2c00000, 0x00000006d2d00000|  0%| F|  |TS  0|AC  0|TAMS 0x00000006d2c00000, 0x00000006d2c00000|
| 243|0x00000006d2d00000, 0x00000006d2d00000, 0x00000006d2e00000|  0%| F|  |TS  0|AC  0|TAMS 0x00000006d2d00000, 0x00000006d2d00000|
| 244|0x00000006d2e00000, 0x00000006d2e00000, 0x00000006d2f00000|  0%| F|  |TS  0|AC  0|TAMS 0x00000006d2e00000, 0x00000006d2e00000|
| 245|0x00000006d2f00000, 0x00000006d2f00000, 0x00000006d3000000|  0%| F|  |TS  0|AC  0|TAMS 0x00000006d2f00000, 0x00000006d2f00000|
| 246|0x00000006d3000000, 0x00000006d3000000, 0x00000006d3100000|  0%| F|  |TS  0|AC  0|TAMS 0x00000006d3000000, 0x00000006d3000000|
| 247|0x00000006d3100000, 0x00000006d3100000, 0x00000006d3200000|  0%| F|  |TS  0|AC  0|TAMS 0x00000006d3100000, 0x00000006d3100000|
| 248|0x00000006d3200000, 0x00000006d3200000, 0x00000006d3300000|  0%| F|  |TS  0|AC  0|TAMS 0x00000006d3200000, 0x00000006d3200000|
| 249|0x00000006d3300000, 0x00000006d337b648, 0x00000006d3400000| 48%| E|  |TS  0|AC  0|TAMS 0x00000006d3300000, 0x00000006d3300000|
| 250|0x00000006d3400000, 0x00000006d3500000, 0x00000006d3500000|100%| E|CS|TS  0|AC  0|TAMS 0x00000006d3400000, 0x00000006d3400000|
| 251|0x00000006d3500000, 0x00000006d3600000, 0x00000006d3600000|100%| E|CS|TS  0|AC  0|TAMS 0x00000006d3500000, 0x00000006d3500000|
| 252|0x00000006d3600000, 0x00000006d3700000, 0x00000006d3700000|100%| E|CS|TS  0|AC  0|TAMS 0x00000006d3600000, 0x00000006d3600000|
| 253|0x00000006d3700000, 0x00000006d3800000, 0x00000006d3800000|100%| E|CS|TS  0|AC  0|TAMS 0x00000006d3700000, 0x00000006d3700000|

Card table byte_map: [0x000002bc6e850000,0x000002bc6f040000] byte_map_base: 0x000002bc6b233000

Marking Bits (Prev, Next): (CMBitMap*) 0x000002bc776f7310, (CMBitMap*) 0x000002bc776f7348
 Prev Bits: [0x000002bc6f830000, 0x000002bc73748000)
 Next Bits: [0x000002bc73750000, 0x000002bc77668000)

Polling page: 0x000002bc51110000

CodeHeap 'non-profiled nmethods': size=120000Kb used=62Kb max_used=62Kb free=119937Kb
 bounds [0x000002bc658e0000, 0x000002bc65b50000, 0x000002bc6ce10000]
CodeHeap 'profiled nmethods': size=120000Kb used=317Kb max_used=317Kb free=119682Kb
 bounds [0x000002bc5e3b0000, 0x000002bc5e620000, 0x000002bc658e0000]
CodeHeap 'non-nmethods': size=5760Kb used=1198Kb max_used=1204Kb free=4561Kb
 bounds [0x000002bc5de10000, 0x000002bc5e080000, 0x000002bc5e3b0000]
 total_blobs=616 nmethods=215 adapters=250
 compilation: enabled

Compilation events (10 events):
Event: 0.690 Thread 0x000002bc7ab88800  209       3       java.lang.invoke.MethodType::checkPtype (19 bytes)
Event: 0.691 Thread 0x000002bc7ab88800 nmethod 209 0x000002bc5e3fb890 code [0x000002bc5e3fba80, 0x000002bc5e3fbe80]
Event: 0.706 Thread 0x000002bc7ab88800  211       3       java.lang.String::substring (58 bytes)
Event: 0.707 Thread 0x000002bc7ab88800 nmethod 211 0x000002bc5e3fc090 code [0x000002bc5e3fc2c0, 0x000002bc5e3fcab0]
Event: 0.707 Thread 0x000002bc7ab88800  214       3       jdk.internal.org.objectweb.asm.Item::<init> (66 bytes)
Event: 0.707 Thread 0x000002bc7ab88800 nmethod 214 0x000002bc5e3fcf10 code [0x000002bc5e3fd0c0, 0x000002bc5e3fd3f8]
Event: 0.707 Thread 0x000002bc7ab88800  213       3       java.lang.invoke.MethodTypeForm::canonicalize (233 bytes)
Event: 0.708 Thread 0x000002bc7ab88800 nmethod 213 0x000002bc5e3fd610 code [0x000002bc5e3fd880, 0x000002bc5e3fe420]
Event: 0.709 Thread 0x000002bc7ab88800  215       3       sun.instrument.InstrumentationImpl::transform (73 bytes)
Event: 0.710 Thread 0x000002bc7ab88800 nmethod 215 0x000002bc5e3feb10 code [0x000002bc5e3fece0, 0x000002bc5e3ff1d0]

GC Heap History (0 events):
No events

Deoptimization events (0 events):
No events

Classes redefined (0 events):
No events

Internal exceptions (3 events):
Event: 0.510 Thread 0x000002bc50fae000 Exception <a 'java/lang/NoClassDefFoundError'{0x00000006d35e04a8}: jdk/internal/loader/NativeLibraries> (0x00000006d35e04a8) thrown at [t:/workspace/hotspot/src/share/vm/classfile/systemDictionary.cpp, line 207]
Event: 0.510 Thread 0x000002bc50fae000 Exception <a 'java/lang/NoSuchMethodError'{0x00000006d35e0e38}: load0> (0x00000006d35e0e38) thrown at [t:/workspace/hotspot/src/share/vm/prims/jni.cpp, line 1363]
Event: 0.663 Thread 0x000002bc50fae000 Exception <a 'java/lang/NoSuchMethodError'{0x00000006d34af0c0}: java.lang.invoke.DirectMethodHandle$Holder.invokeStaticInit(Ljava/lang/Object;Ljava/lang/Object;Ljava/lang/Object;)Ljava/lang/Object;> (0x00000006d34af0c0) thrown at [t:/workspace/hotspot/src

Events (10 events):
Event: 0.705 loading class sun/security/action/GetBooleanAction
Event: 0.705 loading class sun/security/action/GetBooleanAction done
Event: 0.705 loading class java/security/AllPermissionCollection
Event: 0.705 loading class java/security/AllPermissionCollection done
Event: 0.707 loading class jdk/jfr/internal/JVM
Event: 0.708 loading class jdk/jfr/internal/JVM done
Event: 0.708 loading class jdk/jfr/internal/LogTag
Event: 0.708 loading class jdk/jfr/internal/LogTag done
Event: 0.709 loading class jdk/jfr/internal/Options
Event: 0.709 loading class jdk/jfr/internal/Options done


Dynamic libraries:
0x00007ff6e6f10000 - 0x00007ff6e6f4e000 	D:\Program Files\Java\jdk-9.0.4\bin\java.exe
0x00007ffe0aa50000 - 0x00007ffe0ac45000 	C:\Windows\SYSTEM32\ntdll.dll
0x00007ffe08ac0000 - 0x00007ffe08b7d000 	C:\Windows\System32\KERNEL32.DLL
0x00007ffe07e70000 - 0x00007ffe08139000 	C:\Windows\System32\KERNELBASE.dll
0x00007ffe08e10000 - 0x00007ffe08ebc000 	C:\Windows\System32\ADVAPI32.dll
0x00007ffe08cc0000 - 0x00007ffe08d5e000 	C:\Windows\System32\msvcrt.dll
0x00007ffe08c10000 - 0x00007ffe08cac000 	C:\Windows\System32\sechost.dll
0x00007ffe08990000 - 0x00007ffe08abb000 	C:\Windows\System32\RPCRT4.dll
0x00007ffe0a7a0000 - 0x00007ffe0a940000 	C:\Windows\System32\USER32.dll
0x00007ffe085d0000 - 0x00007ffe085f2000 	C:\Windows\System32\win32u.dll
0x00007ffe08ec0000 - 0x00007ffe08eea000 	C:\Windows\System32\GDI32.dll
0x00007ffe086d0000 - 0x00007ffe087db000 	C:\Windows\System32\gdi32full.dll
0x00007ffe084a0000 - 0x00007ffe0853d000 	C:\Windows\System32\msvcp_win.dll
0x00007ffe08140000 - 0x00007ffe08240000 	C:\Windows\System32\ucrtbase.dll
0x00007ffdf3a70000 - 0x00007ffdf3d0a000 	C:\Windows\WinSxS\amd64_microsoft.windows.common-controls_6595b64144ccf1df_6.0.19041.844_none_ca00b6081b84eb1d\COMCTL32.dll
0x00007ffe07b70000 - 0x00007ffe07b7a000 	C:\Windows\SYSTEM32\VERSION.dll
0x00007ffe09f30000 - 0x00007ffe09f60000 	C:\Windows\System32\IMM32.DLL
0x0000000065510000 - 0x000000006551c000 	C:\Program Files (x86)\360\360Safe\safemon\SafeWrapper.dll
0x00007ffdeabc0000 - 0x00007ffdeac52000 	C:\Program Files (x86)\360\360Safe\safemon\libzdtp64.dll
0x00007ffe09490000 - 0x00007ffe09bd2000 	C:\Windows\System32\SHELL32.dll
0x00007ffe0a940000 - 0x00007ffe0a995000 	C:\Windows\System32\SHLWAPI.dll
0x00007ffddc2d0000 - 0x00007ffddc3bf000 	D:\Program Files\Java\jdk-9.0.4\bin\msvcr120.dll
0x00007ffdd8900000 - 0x00007ffdd89a6000 	D:\Program Files\Java\jdk-9.0.4\bin\msvcp120.dll
0x0000000063ed0000 - 0x00000000648f5000 	D:\Program Files\Java\jdk-9.0.4\bin\server\jvm.dll
0x00007ffe0a330000 - 0x00007ffe0a338000 	C:\Windows\System32\PSAPI.DLL
0x00007ffdf1a60000 - 0x00007ffdf1a69000 	C:\Windows\SYSTEM32\WSOCK32.dll
0x00007ffe0a9a0000 - 0x00007ffe0aa0b000 	C:\Windows\System32\WS2_32.dll
0x00007ffdf45a0000 - 0x00007ffdf45c7000 	C:\Windows\SYSTEM32\WINMM.dll
0x00007ffdfc4f0000 - 0x00007ffdfc4ff000 	D:\Program Files\Java\jdk-9.0.4\bin\verify.dll
0x00007ffdfc4c0000 - 0x00007ffdfc4e7000 	D:\Program Files\Java\jdk-9.0.4\bin\java.dll
0x00007ffdef030000 - 0x00007ffdef05a000 	D:\Program Files\Java\jdk-9.0.4\bin\instrument.dll
0x00007ffddc130000 - 0x00007ffddc1b9000 	C:\Users\syq\AppData\Local\Temp\libasyncProfiler.dll
0x00007ffe08ef0000 - 0x00007ffe0901a000 	C:\Windows\System32\ole32.dll
0x00007ffe0a440000 - 0x00007ffe0a795000 	C:\Windows\System32\combase.dll
0x00007ffe0a180000 - 0x00007ffe0a24d000 	C:\Windows\System32\OLEAUT32.dll
0x00007ffdf1860000 - 0x00007ffdf1876000 	D:\Program Files\Java\jdk-9.0.4\bin\VCRUNTIME140.dll
0x00007ffdd8860000 - 0x00007ffdd88fc000 	D:\Program Files\Java\jdk-9.0.4\bin\MSVCP140.dll
0x00007ffdf1840000 - 0x00007ffdf1856000 	D:\Program Files\Java\jdk-9.0.4\bin\zip.dll
0x00007ffdefe20000 - 0x00007ffdefe2a000 	D:\Program Files\Java\jdk-9.0.4\bin\jimage.dll
0x00007ffe05c80000 - 0x00007ffe06410000 	C:\Windows\SYSTEM32\windows.storage.dll
0x00007ffe07800000 - 0x00007ffe0782c000 	C:\Windows\SYSTEM32\Wldp.dll
0x00007ffe09cc0000 - 0x00007ffe09d6e000 	C:\Windows\System32\SHCORE.dll
0x00007ffe07d60000 - 0x00007ffe07d7f000 	C:\Windows\SYSTEM32\profapi.dll
0x00007ffdeb4f0000 - 0x00007ffdeb50a000 	D:\Program Files\Java\jdk-9.0.4\bin\net.dll
0x00007ffe00ec0000 - 0x00007ffe00fcc000 	C:\Windows\SYSTEM32\WINHTTP.dll
0x00007ffe07550000 - 0x00007ffe075ba000 	C:\Windows\system32\mswsock.dll
0x00007ffdeb3f0000 - 0x00007ffdeb401000 	D:\Program Files\Java\jdk-9.0.4\bin\nio.dll
0x00007ffdeb1f0000 - 0x00007ffdeb20a000 	D:\Jetbrains\apps\IDEA-U\ch-0\221.5787.30\bin\breakgen64.dll
0x00007ffe064d0000 - 0x00007ffe066b4000 	C:\Windows\SYSTEM32\dbghelp.dll
0x00007ffe08650000 - 0x00007ffe086d0000 	C:\Windows\System32\bcryptPrimitives.dll

VM Arguments:
jvm_args: -javaagent:D:\Jetbrains\apps\IDEA-U\ch-0\221.5787.30\lib\idea_rt.jar=5420:D:\Jetbrains\apps\IDEA-U\ch-0\221.5787.30\bin -agentpath:C:\Users\syq\AppData\Local\Temp\libasyncProfiler.dll=start,jfr,libdia=C:\Users\syq\AppData\Local\Temp\idea_msdia140_dll_temp_folder\msdia140.dll,event=cpu,interval=1ms,jfrsync=profile,file=C:\Users\syq\Code2_2022_06_12_121347.jfr -Dfile.encoding=UTF-8 
java_command: Code2.Code2
java_class_path (initial): E:\JetbrainsProjects\IdeaProjects\sikiJavaProjects\sikiJavaCode2\out\production\sikiJavaCode2
Launcher Type: SUN_STANDARD

Logging:
Log output configuration:
#0: stdout all=warning uptime,level,tags
#1: stderr all=off uptime,level,tags

Environment Variables:
JAVA_HOME=D:\jdk_1.8.0_321
PATH=C:\ProgramData\Oracle\Java\javapath;D:\Program Files\Java\jdk-9.0.4\bin;C:\Program Files\Microsoft\jdk-11.0.12.7-hotspot\bin;C:\Program Files (x86)\Common Files\Oracle\Java\javapath;D:\VMware\bin\;C:\Program Files (x86)\Common Files\Intel\Shared Libraries\redist\intel64_win\compiler;C:\Windows\system32;C:\Windows;C:\Windows\System32\Wbem;C:\Windows\System32\WindowsPowerShell\v1.0\;C:\Windows\System32\OpenSSH\;C:\Program Files\NVIDIA Corporation\NVIDIA NvDLISR\;C:\Program Files (x86)\Yozosoft\Yozo_Office\Lib\xuggler\bin;C:\Program Files\Common Files\Autodesk Shared\;C:\Program Files\Microsoft SQL Server\120\Tools\Binn\;C:\Program Files\dotnet\;D:\Git\cmd;;D:\WechatWebDevelop\Î¢ÐÅweb¿ª·¢Õß¹¤¾ß\dll;D:\Python310\Scripts\;D:\Python310\;C:\Users\syq\AppData\Local\Microsoft\WindowsApps;C:\Users\syq\.dotnet\tools;C:\MinGW\bin;D:\Microsoft VS Code\bin;C:\Users\syq\AppData\Local\GitHubDesktop\bin
USERNAME=syq
OS=Windows_NT
PROCESSOR_IDENTIFIER=Intel64 Family 6 Model 126 Stepping 5, GenuineIntel



---------------  S Y S T E M  ---------------

OS: Windows 10 , 64 bit Build 19041 (10.0.19041.804)

CPU:total 8 (initial active 8) (4 cores per cpu, 2 threads per core) family 6 model 126 stepping 5, cmov, cx8, fxsr, mmx, sse, sse2, sse3, ssse3, sse4.1, sse4.2, popcnt, avx, avx2, aes, clmul, erms, 3dnowpref, lzcnt, ht, tsc, tscinvbit, bmi1, bmi2, adx, sha, fma

Memory: 4k page, physical 16538964k(6429992k free), swap 33316180k(19618176k free)

vm_info: Java HotSpot(TM) 64-Bit Server VM (9.0.4+11) for windows-amd64 JRE (9.0.4+11), built on Dec 20 2017 02:18:54 by "mach5one" with MS VC++ 12.0 (VS2013)

END.
